The system is: Linux - 3.3.4-5.fc17.i686.PAE - i686
Compiling the C compiler identification source file "CMakeCCompilerId.c" succeeded.
Compiler: /usr/lib/ccache/gcc 
Build flags: 
Id flags: 

The output was:
0


Compilation of the C compiler identification source "CMakeCCompilerId.c" produced "a.out"

The C compiler identification is GNU, found in "/home/sqlite/CMakeFiles/CompilerIdC/a.out"

Compiling the CXX compiler identification source file "CMakeCXXCompilerId.cpp" succeeded.
Compiler: /usr/lib/ccache/c++ 
Build flags: 
Id flags: 

The output was:
0


Compilation of the CXX compiler identification source "CMakeCXXCompilerId.cpp" produced "a.out"

The CXX compiler identification is GNU, found in "/home/sqlite/CMakeFiles/CompilerIdCXX/a.out"

Determining if the C compiler works passed with the following output:
Change Dir: /home/sqlite/CMakeFiles/CMakeTmp

Run Build Command:/usr/bin/gmake "cmTryCompileExec1863264570/fast"
/usr/bin/gmake -f CMakeFiles/cmTryCompileExec1863264570.dir/build.make CMakeFiles/cmTryCompileExec1863264570.dir/build
gmake[1]: 进入目录“/home/sqlite/CMakeFiles/CMakeTmp”
/usr/bin/cmake -E cmake_progress_report /home/sqlite/CMakeFiles/CMakeTmp/CMakeFiles 1
Building C object CMakeFiles/cmTryCompileExec1863264570.dir/testCCompiler.c.o
/usr/lib/ccache/gcc    -o CMakeFiles/cmTryCompileExec1863264570.dir/testCCompiler.c.o   -c /home/sqlite/CMakeFiles/CMakeTmp/testCCompiler.c
Linking C executable cmTryCompileExec1863264570
/usr/bin/cmake -E cmake_link_script CMakeFiles/cmTryCompileExec1863264570.dir/link.txt --verbose=1
/usr/lib/ccache/gcc         CMakeFiles/cmTryCompileExec1863264570.dir/testCCompiler.c.o  -o cmTryCompileExec1863264570 -rdynamic 
gmake[1]: 离开目录“/home/sqlite/CMakeFiles/CMakeTmp”


Detecting C compiler ABI info compiled with the following output:
Change Dir: /home/sqlite/CMakeFiles/CMakeTmp

Run Build Command:/usr/bin/gmake "cmTryCompileExec4068600233/fast"
/usr/bin/gmake -f CMakeFiles/cmTryCompileExec4068600233.dir/build.make CMakeFiles/cmTryCompileExec4068600233.dir/build
gmake[1]: 进入目录“/home/sqlite/CMakeFiles/CMakeTmp”
/usr/bin/cmake -E cmake_progress_report /home/sqlite/CMakeFiles/CMakeTmp/CMakeFiles 1
Building C object CMakeFiles/cmTryCompileExec4068600233.dir/CMakeCCompilerABI.c.o
/usr/lib/ccache/gcc    -o CMakeFiles/cmTryCompileExec4068600233.dir/CMakeCCompilerABI.c.o   -c /usr/share/cmake/Modules/CMakeCCompilerABI.c
Linking C executable cmTryCompileExec4068600233
/usr/bin/cmake -E cmake_link_script CMakeFiles/cmTryCompileExec4068600233.dir/link.txt --verbose=1
/usr/lib/ccache/gcc       -v CMakeFiles/cmTryCompileExec4068600233.dir/CMakeCCompilerABI.c.o  -o cmTryCompileExec4068600233 -rdynamic  
使用内建 specs。
COLLECT_GCC=/usr/bin/gcc
COLLECT_LTO_WRAPPER=/usr/libexec/gcc/i686-redhat-linux/4.7.2/lto-wrapper
目标：i686-redhat-linux
配置为：../configure --prefix=/usr --mandir=/usr/share/man --infodir=/usr/share/info --with-bugurl=http://bugzilla.redhat.com/bugzilla --enable-bootstrap --enable-shared --enable-threads=posix --enable-checking=release --disable-build-with-cxx --disable-build-poststage1-with-cxx --with-system-zlib --enable-__cxa_atexit --disable-libunwind-exceptions --enable-gnu-unique-object --enable-linker-build-id --with-linker-hash-style=gnu --enable-languages=c,c++,objc,obj-c++,java,fortran,ada,go,lto --enable-plugin --enable-initfini-array --enable-java-awt=gtk --disable-dssi --with-java-home=/usr/lib/jvm/java-1.5.0-gcj-1.5.0.0/jre --enable-libgcj-multifile --enable-java-maintainer-mode --with-ecj-jar=/usr/share/java/eclipse-ecj.jar --disable-libjava-multilib --with-ppl --with-cloog --with-tune=generic --with-arch=i686 --build=i686-redhat-linux
线程模型：posix
gcc 版本 4.7.2 20120921 (Red Hat 4.7.2-2) (GCC) 
COMPILER_PATH=/usr/libexec/gcc/i686-redhat-linux/4.7.2/:/usr/libexec/gcc/i686-redhat-linux/4.7.2/:/usr/libexec/gcc/i686-redhat-linux/:/usr/lib/gcc/i686-redhat-linux/4.7.2/:/usr/lib/gcc/i686-redhat-linux/
LIBRARY_PATH=/usr/lib/gcc/i686-redhat-linux/4.7.2/:/usr/lib/gcc/i686-redhat-linux/4.7.2/../../../:/lib/:/usr/lib/
COLLECT_GCC_OPTIONS='-v' '-o' 'cmTryCompileExec4068600233' '-rdynamic' '-mtune=generic' '-march=i686'
 /usr/libexec/gcc/i686-redhat-linux/4.7.2/collect2 --build-id --no-add-needed --eh-frame-hdr --hash-style=gnu -m elf_i386 -export-dynamic -dynamic-linker /lib/ld-linux.so.2 -o cmTryCompileExec4068600233 /usr/lib/gcc/i686-redhat-linux/4.7.2/../../../crt1.o /usr/lib/gcc/i686-redhat-linux/4.7.2/../../../crti.o /usr/lib/gcc/i686-redhat-linux/4.7.2/crtbegin.o -L/usr/lib/gcc/i686-redhat-linux/4.7.2 -L/usr/lib/gcc/i686-redhat-linux/4.7.2/../../.. CMakeFiles/cmTryCompileExec4068600233.dir/CMakeCCompilerABI.c.o -lgcc --as-needed -lgcc_s --no-as-needed -lc -lgcc --as-needed -lgcc_s --no-as-needed /usr/lib/gcc/i686-redhat-linux/4.7.2/crtend.o /usr/lib/gcc/i686-redhat-linux/4.7.2/../../../crtn.o
gmake[1]: 离开目录“/home/sqlite/CMakeFiles/CMakeTmp”


Parsed C implicit link information from above output:
  link line regex: [^( *|.*[/\])(ld|ld|collect2)[^/\]*( |$)]
  ignore line: [Change Dir: /home/sqlite/CMakeFiles/CMakeTmp]
  ignore line: []
  ignore line: [Run Build Command:/usr/bin/gmake "cmTryCompileExec4068600233/fast"]
  ignore line: [/usr/bin/gmake -f CMakeFiles/cmTryCompileExec4068600233.dir/build.make CMakeFiles/cmTryCompileExec4068600233.dir/build]
  ignore line: [gmake[1]: 进入目录“/home/sqlite/CMakeFiles/CMakeTmp”]
  ignore line: [/usr/bin/cmake -E cmake_progress_report /home/sqlite/CMakeFiles/CMakeTmp/CMakeFiles 1]
  ignore line: [Building C object CMakeFiles/cmTryCompileExec4068600233.dir/CMakeCCompilerABI.c.o]
  ignore line: [/usr/lib/ccache/gcc    -o CMakeFiles/cmTryCompileExec4068600233.dir/CMakeCCompilerABI.c.o   -c /usr/share/cmake/Modules/CMakeCCompilerABI.c]
  ignore line: [Linking C executable cmTryCompileExec4068600233]
  ignore line: [/usr/bin/cmake -E cmake_link_script CMakeFiles/cmTryCompileExec4068600233.dir/link.txt --verbose=1]
  ignore line: [/usr/lib/ccache/gcc       -v CMakeFiles/cmTryCompileExec4068600233.dir/CMakeCCompilerABI.c.o  -o cmTryCompileExec4068600233 -rdynamic  ]
  ignore line: [使用内建 specs。]
  ignore line: [COLLECT_GCC=/usr/bin/gcc]
  ignore line: [COLLECT_LTO_WRAPPER=/usr/libexec/gcc/i686-redhat-linux/4.7.2/lto-wrapper]
  ignore line: [目标：i686-redhat-linux]
  ignore line: [配置为：../configure --prefix=/usr --mandir=/usr/share/man --infodir=/usr/share/info --with-bugurl=http://bugzilla.redhat.com/bugzilla --enable-bootstrap --enable-shared --enable-threads=posix --enable-checking=release --disable-build-with-cxx --disable-build-poststage1-with-cxx --with-system-zlib --enable-__cxa_atexit --disable-libunwind-exceptions --enable-gnu-unique-object --enable-linker-build-id --with-linker-hash-style=gnu --enable-languages=c,c++,objc,obj-c++,java,fortran,ada,go,lto --enable-plugin --enable-initfini-array --enable-java-awt=gtk --disable-dssi --with-java-home=/usr/lib/jvm/java-1.5.0-gcj-1.5.0.0/jre --enable-libgcj-multifile --enable-java-maintainer-mode --with-ecj-jar=/usr/share/java/eclipse-ecj.jar --disable-libjava-multilib --with-ppl --with-cloog --with-tune=generic --with-arch=i686 --build=i686-redhat-linux]
  ignore line: [线程模型：posix]
  ignore line: [gcc 版本 4.7.2 20120921 (Red Hat 4.7.2-2) (GCC) ]
  ignore line: [COMPILER_PATH=/usr/libexec/gcc/i686-redhat-linux/4.7.2/:/usr/libexec/gcc/i686-redhat-linux/4.7.2/:/usr/libexec/gcc/i686-redhat-linux/:/usr/lib/gcc/i686-redhat-linux/4.7.2/:/usr/lib/gcc/i686-redhat-linux/]
  ignore line: [LIBRARY_PATH=/usr/lib/gcc/i686-redhat-linux/4.7.2/:/usr/lib/gcc/i686-redhat-linux/4.7.2/../../../:/lib/:/usr/lib/]
  ignore line: [COLLECT_GCC_OPTIONS='-v' '-o' 'cmTryCompileExec4068600233' '-rdynamic' '-mtune=generic' '-march=i686']
  link line: [ /usr/libexec/gcc/i686-redhat-linux/4.7.2/collect2 --build-id --no-add-needed --eh-frame-hdr --hash-style=gnu -m elf_i386 -export-dynamic -dynamic-linker /lib/ld-linux.so.2 -o cmTryCompileExec4068600233 /usr/lib/gcc/i686-redhat-linux/4.7.2/../../../crt1.o /usr/lib/gcc/i686-redhat-linux/4.7.2/../../../crti.o /usr/lib/gcc/i686-redhat-linux/4.7.2/crtbegin.o -L/usr/lib/gcc/i686-redhat-linux/4.7.2 -L/usr/lib/gcc/i686-redhat-linux/4.7.2/../../.. CMakeFiles/cmTryCompileExec4068600233.dir/CMakeCCompilerABI.c.o -lgcc --as-needed -lgcc_s --no-as-needed -lc -lgcc --as-needed -lgcc_s --no-as-needed /usr/lib/gcc/i686-redhat-linux/4.7.2/crtend.o /usr/lib/gcc/i686-redhat-linux/4.7.2/../../../crtn.o]
    arg [/usr/libexec/gcc/i686-redhat-linux/4.7.2/collect2] ==> ignore
    arg [--build-id] ==> ignore
    arg [--no-add-needed] ==> ignore
    arg [--eh-frame-hdr] ==> ignore
    arg [--hash-style=gnu] ==> ignore
    arg [-m] ==> ignore
    arg [elf_i386] ==> ignore
    arg [-export-dynamic] ==> ignore
    arg [-dynamic-linker] ==> ignore
    arg [/lib/ld-linux.so.2] ==> ignore
    arg [-o] ==> ignore
    arg [cmTryCompileExec4068600233] ==> ignore
    arg [/usr/lib/gcc/i686-redhat-linux/4.7.2/../../../crt1.o] ==> ignore
    arg [/usr/lib/gcc/i686-redhat-linux/4.7.2/../../../crti.o] ==> ignore
    arg [/usr/lib/gcc/i686-redhat-linux/4.7.2/crtbegin.o] ==> ignore
    arg [-L/usr/lib/gcc/i686-redhat-linux/4.7.2] ==> dir [/usr/lib/gcc/i686-redhat-linux/4.7.2]
    arg [-L/usr/lib/gcc/i686-redhat-linux/4.7.2/../../..] ==> dir [/usr/lib/gcc/i686-redhat-linux/4.7.2/../../..]
    arg [CMakeFiles/cmTryCompileExec4068600233.dir/CMakeCCompilerABI.c.o] ==> ignore
    arg [-lgcc] ==> lib [gcc]
    arg [--as-needed] ==> ignore
    arg [-lgcc_s] ==> lib [gcc_s]
    arg [--no-as-needed] ==> ignore
    arg [-lc] ==> lib [c]
    arg [-lgcc] ==> lib [gcc]
    arg [--as-needed] ==> ignore
    arg [-lgcc_s] ==> lib [gcc_s]
    arg [--no-as-needed] ==> ignore
    arg [/usr/lib/gcc/i686-redhat-linux/4.7.2/crtend.o] ==> ignore
    arg [/usr/lib/gcc/i686-redhat-linux/4.7.2/../../../crtn.o] ==> ignore
  remove lib [gcc]
  remove lib [gcc_s]
  remove lib [gcc]
  remove lib [gcc_s]
  collapse dir [/usr/lib/gcc/i686-redhat-linux/4.7.2] ==> [/usr/lib/gcc/i686-redhat-linux/4.7.2]
  collapse dir [/usr/lib/gcc/i686-redhat-linux/4.7.2/../../..] ==> [/usr/lib]
  implicit libs: [c]
  implicit dirs: [/usr/lib/gcc/i686-redhat-linux/4.7.2;/usr/lib]


Determining if the CXX compiler works passed with the following output:
Change Dir: /home/sqlite/CMakeFiles/CMakeTmp

Run Build Command:/usr/bin/gmake "cmTryCompileExec3520481388/fast"
/usr/bin/gmake -f CMakeFiles/cmTryCompileExec3520481388.dir/build.make CMakeFiles/cmTryCompileExec3520481388.dir/build
gmake[1]: 进入目录“/home/sqlite/CMakeFiles/CMakeTmp”
/usr/bin/cmake -E cmake_progress_report /home/sqlite/CMakeFiles/CMakeTmp/CMakeFiles 1
Building CXX object CMakeFiles/cmTryCompileExec3520481388.dir/testCXXCompiler.cxx.o
/usr/lib/ccache/c++     -o CMakeFiles/cmTryCompileExec3520481388.dir/testCXXCompiler.cxx.o -c /home/sqlite/CMakeFiles/CMakeTmp/testCXXCompiler.cxx
Linking CXX executable cmTryCompileExec3520481388
/usr/bin/cmake -E cmake_link_script CMakeFiles/cmTryCompileExec3520481388.dir/link.txt --verbose=1
/usr/lib/ccache/c++          CMakeFiles/cmTryCompileExec3520481388.dir/testCXXCompiler.cxx.o  -o cmTryCompileExec3520481388 -rdynamic 
gmake[1]: 离开目录“/home/sqlite/CMakeFiles/CMakeTmp”


Detecting CXX compiler ABI info compiled with the following output:
Change Dir: /home/sqlite/CMakeFiles/CMakeTmp

Run Build Command:/usr/bin/gmake "cmTryCompileExec1790515622/fast"
/usr/bin/gmake -f CMakeFiles/cmTryCompileExec1790515622.dir/build.make CMakeFiles/cmTryCompileExec1790515622.dir/build
gmake[1]: 进入目录“/home/sqlite/CMakeFiles/CMakeTmp”
/usr/bin/cmake -E cmake_progress_report /home/sqlite/CMakeFiles/CMakeTmp/CMakeFiles 1
Building CXX object CMakeFiles/cmTryCompileExec1790515622.dir/CMakeCXXCompilerABI.cpp.o
/usr/lib/ccache/c++     -o CMakeFiles/cmTryCompileExec1790515622.dir/CMakeCXXCompilerABI.cpp.o -c /usr/share/cmake/Modules/CMakeCXXCompilerABI.cpp
Linking CXX executable cmTryCompileExec1790515622
/usr/bin/cmake -E cmake_link_script CMakeFiles/cmTryCompileExec1790515622.dir/link.txt --verbose=1
/usr/lib/ccache/c++        -v CMakeFiles/cmTryCompileExec1790515622.dir/CMakeCXXCompilerABI.cpp.o  -o cmTryCompileExec1790515622 -rdynamic  
使用内建 specs。
COLLECT_GCC=/usr/bin/c++
COLLECT_LTO_WRAPPER=/usr/libexec/gcc/i686-redhat-linux/4.7.2/lto-wrapper
目标：i686-redhat-linux
配置为：../configure --prefix=/usr --mandir=/usr/share/man --infodir=/usr/share/info --with-bugurl=http://bugzilla.redhat.com/bugzilla --enable-bootstrap --enable-shared --enable-threads=posix --enable-checking=release --disable-build-with-cxx --disable-build-poststage1-with-cxx --with-system-zlib --enable-__cxa_atexit --disable-libunwind-exceptions --enable-gnu-unique-object --enable-linker-build-id --with-linker-hash-style=gnu --enable-languages=c,c++,objc,obj-c++,java,fortran,ada,go,lto --enable-plugin --enable-initfini-array --enable-java-awt=gtk --disable-dssi --with-java-home=/usr/lib/jvm/java-1.5.0-gcj-1.5.0.0/jre --enable-libgcj-multifile --enable-java-maintainer-mode --with-ecj-jar=/usr/share/java/eclipse-ecj.jar --disable-libjava-multilib --with-ppl --with-cloog --with-tune=generic --with-arch=i686 --build=i686-redhat-linux
线程模型：posix
gcc 版本 4.7.2 20120921 (Red Hat 4.7.2-2) (GCC) 
COMPILER_PATH=/usr/libexec/gcc/i686-redhat-linux/4.7.2/:/usr/libexec/gcc/i686-redhat-linux/4.7.2/:/usr/libexec/gcc/i686-redhat-linux/:/usr/lib/gcc/i686-redhat-linux/4.7.2/:/usr/lib/gcc/i686-redhat-linux/
LIBRARY_PATH=/usr/lib/gcc/i686-redhat-linux/4.7.2/:/usr/lib/gcc/i686-redhat-linux/4.7.2/../../../:/lib/:/usr/lib/
COLLECT_GCC_OPTIONS='-v' '-o' 'cmTryCompileExec1790515622' '-rdynamic' '-shared-libgcc' '-mtune=generic' '-march=i686'
 /usr/libexec/gcc/i686-redhat-linux/4.7.2/collect2 --build-id --no-add-needed --eh-frame-hdr --hash-style=gnu -m elf_i386 -export-dynamic -dynamic-linker /lib/ld-linux.so.2 -o cmTryCompileExec1790515622 /usr/lib/gcc/i686-redhat-linux/4.7.2/../../../crt1.o /usr/lib/gcc/i686-redhat-linux/4.7.2/../../../crti.o /usr/lib/gcc/i686-redhat-linux/4.7.2/crtbegin.o -L/usr/lib/gcc/i686-redhat-linux/4.7.2 -L/usr/lib/gcc/i686-redhat-linux/4.7.2/../../.. CMakeFiles/cmTryCompileExec1790515622.dir/CMakeCXXCompilerABI.cpp.o -lstdc++ -lm -lgcc_s -lgcc -lc -lgcc_s -lgcc /usr/lib/gcc/i686-redhat-linux/4.7.2/crtend.o /usr/lib/gcc/i686-redhat-linux/4.7.2/../../../crtn.o
gmake[1]: 离开目录“/home/sqlite/CMakeFiles/CMakeTmp”


Parsed CXX implicit link information from above output:
  link line regex: [^( *|.*[/\])(ld|ld|collect2)[^/\]*( |$)]
  ignore line: [Change Dir: /home/sqlite/CMakeFiles/CMakeTmp]
  ignore line: []
  ignore line: [Run Build Command:/usr/bin/gmake "cmTryCompileExec1790515622/fast"]
  ignore line: [/usr/bin/gmake -f CMakeFiles/cmTryCompileExec1790515622.dir/build.make CMakeFiles/cmTryCompileExec1790515622.dir/build]
  ignore line: [gmake[1]: 进入目录“/home/sqlite/CMakeFiles/CMakeTmp”]
  ignore line: [/usr/bin/cmake -E cmake_progress_report /home/sqlite/CMakeFiles/CMakeTmp/CMakeFiles 1]
  ignore line: [Building CXX object CMakeFiles/cmTryCompileExec1790515622.dir/CMakeCXXCompilerABI.cpp.o]
  ignore line: [/usr/lib/ccache/c++     -o CMakeFiles/cmTryCompileExec1790515622.dir/CMakeCXXCompilerABI.cpp.o -c /usr/share/cmake/Modules/CMakeCXXCompilerABI.cpp]
  ignore line: [Linking CXX executable cmTryCompileExec1790515622]
  ignore line: [/usr/bin/cmake -E cmake_link_script CMakeFiles/cmTryCompileExec1790515622.dir/link.txt --verbose=1]
  ignore line: [/usr/lib/ccache/c++        -v CMakeFiles/cmTryCompileExec1790515622.dir/CMakeCXXCompilerABI.cpp.o  -o cmTryCompileExec1790515622 -rdynamic  ]
  ignore line: [使用内建 specs。]
  ignore line: [COLLECT_GCC=/usr/bin/c++]
  ignore line: [COLLECT_LTO_WRAPPER=/usr/libexec/gcc/i686-redhat-linux/4.7.2/lto-wrapper]
  ignore line: [目标：i686-redhat-linux]
  ignore line: [配置为：../configure --prefix=/usr --mandir=/usr/share/man --infodir=/usr/share/info --with-bugurl=http://bugzilla.redhat.com/bugzilla --enable-bootstrap --enable-shared --enable-threads=posix --enable-checking=release --disable-build-with-cxx --disable-build-poststage1-with-cxx --with-system-zlib --enable-__cxa_atexit --disable-libunwind-exceptions --enable-gnu-unique-object --enable-linker-build-id --with-linker-hash-style=gnu --enable-languages=c,c++,objc,obj-c++,java,fortran,ada,go,lto --enable-plugin --enable-initfini-array --enable-java-awt=gtk --disable-dssi --with-java-home=/usr/lib/jvm/java-1.5.0-gcj-1.5.0.0/jre --enable-libgcj-multifile --enable-java-maintainer-mode --with-ecj-jar=/usr/share/java/eclipse-ecj.jar --disable-libjava-multilib --with-ppl --with-cloog --with-tune=generic --with-arch=i686 --build=i686-redhat-linux]
  ignore line: [线程模型：posix]
  ignore line: [gcc 版本 4.7.2 20120921 (Red Hat 4.7.2-2) (GCC) ]
  ignore line: [COMPILER_PATH=/usr/libexec/gcc/i686-redhat-linux/4.7.2/:/usr/libexec/gcc/i686-redhat-linux/4.7.2/:/usr/libexec/gcc/i686-redhat-linux/:/usr/lib/gcc/i686-redhat-linux/4.7.2/:/usr/lib/gcc/i686-redhat-linux/]
  ignore line: [LIBRARY_PATH=/usr/lib/gcc/i686-redhat-linux/4.7.2/:/usr/lib/gcc/i686-redhat-linux/4.7.2/../../../:/lib/:/usr/lib/]
  ignore line: [COLLECT_GCC_OPTIONS='-v' '-o' 'cmTryCompileExec1790515622' '-rdynamic' '-shared-libgcc' '-mtune=generic' '-march=i686']
  link line: [ /usr/libexec/gcc/i686-redhat-linux/4.7.2/collect2 --build-id --no-add-needed --eh-frame-hdr --hash-style=gnu -m elf_i386 -export-dynamic -dynamic-linker /lib/ld-linux.so.2 -o cmTryCompileExec1790515622 /usr/lib/gcc/i686-redhat-linux/4.7.2/../../../crt1.o /usr/lib/gcc/i686-redhat-linux/4.7.2/../../../crti.o /usr/lib/gcc/i686-redhat-linux/4.7.2/crtbegin.o -L/usr/lib/gcc/i686-redhat-linux/4.7.2 -L/usr/lib/gcc/i686-redhat-linux/4.7.2/../../.. CMakeFiles/cmTryCompileExec1790515622.dir/CMakeCXXCompilerABI.cpp.o -lstdc++ -lm -lgcc_s -lgcc -lc -lgcc_s -lgcc /usr/lib/gcc/i686-redhat-linux/4.7.2/crtend.o /usr/lib/gcc/i686-redhat-linux/4.7.2/../../../crtn.o]
    arg [/usr/libexec/gcc/i686-redhat-linux/4.7.2/collect2] ==> ignore
    arg [--build-id] ==> ignore
    arg [--no-add-needed] ==> ignore
    arg [--eh-frame-hdr] ==> ignore
    arg [--hash-style=gnu] ==> ignore
    arg [-m] ==> ignore
    arg [elf_i386] ==> ignore
    arg [-export-dynamic] ==> ignore
    arg [-dynamic-linker] ==> ignore
    arg [/lib/ld-linux.so.2] ==> ignore
    arg [-o] ==> ignore
    arg [cmTryCompileExec1790515622] ==> ignore
    arg [/usr/lib/gcc/i686-redhat-linux/4.7.2/../../../crt1.o] ==> ignore
    arg [/usr/lib/gcc/i686-redhat-linux/4.7.2/../../../crti.o] ==> ignore
    arg [/usr/lib/gcc/i686-redhat-linux/4.7.2/crtbegin.o] ==> ignore
    arg [-L/usr/lib/gcc/i686-redhat-linux/4.7.2] ==> dir [/usr/lib/gcc/i686-redhat-linux/4.7.2]
    arg [-L/usr/lib/gcc/i686-redhat-linux/4.7.2/../../..] ==> dir [/usr/lib/gcc/i686-redhat-linux/4.7.2/../../..]
    arg [CMakeFiles/cmTryCompileExec1790515622.dir/CMakeCXXCompilerABI.cpp.o] ==> ignore
    arg [-lstdc++] ==> lib [stdc++]
    arg [-lm] ==> lib [m]
    arg [-lgcc_s] ==> lib [gcc_s]
    arg [-lgcc] ==> lib [gcc]
    arg [-lc] ==> lib [c]
    arg [-lgcc_s] ==> lib [gcc_s]
    arg [-lgcc] ==> lib [gcc]
    arg [/usr/lib/gcc/i686-redhat-linux/4.7.2/crtend.o] ==> ignore
    arg [/usr/lib/gcc/i686-redhat-linux/4.7.2/../../../crtn.o] ==> ignore
  remove lib [gcc_s]
  remove lib [gcc]
  remove lib [gcc_s]
  remove lib [gcc]
  collapse dir [/usr/lib/gcc/i686-redhat-linux/4.7.2] ==> [/usr/lib/gcc/i686-redhat-linux/4.7.2]
  collapse dir [/usr/lib/gcc/i686-redhat-linux/4.7.2/../../..] ==> [/usr/lib]
  implicit libs: [stdc++;m;c]
  implicit dirs: [/usr/lib/gcc/i686-redhat-linux/4.7.2;/usr/lib]


